<?xml version="1.0" encoding="UTF-8"?>
<!-- Generated by org.testng.reporters.JUnitReportReporter -->
<testsuite skipped="0" hostname="REACH-HARDs-MBP" name="company.ProposePosition" tests="1" failures="0" timestamp="2021-02-21T07:27:01 WAT" time="32.699" errors="0">
  <testcase name="testProposePosition" time="32.699" classname="company.ProposePosition"/>
  <system-out/>
</testsuite> <!-- company.ProposePosition -->
