<?xml version="1.0" encoding="UTF-8"?>
<!-- Generated by org.testng.reporters.JUnitReportReporter -->
<testsuite skipped="0" hostname="REACH-HARDs-MBP" name="students.ViewEventDetails" tests="1" failures="0" timestamp="2021-03-01T10:11:27 WAT" time="69.052" errors="0">
  <testcase name="testViewEventDetails" time="69.052" classname="students.ViewEventDetails"/>
  <system-out/>
</testsuite> <!-- students.ViewEventDetails -->
