<?xml version="1.0" encoding="UTF-8"?>
<!-- Generated by org.testng.reporters.JUnitReportReporter -->
<testsuite skipped="0" hostname="REACH-HARDs-MacBook-Pro.local" name="students.StudentsApplyJob" tests="1" failures="0" timestamp="2021-02-15T09:37:26 WAT" time="60.176" errors="0">
  <testcase name="testStudentsApplyJob" time="60.176" classname="students.StudentsApplyJob"/>
  <system-out/>
</testsuite> <!-- students.StudentsApplyJob -->
