<?xml version="1.0" encoding="UTF-8"?>
<!-- Generated by org.testng.reporters.JUnitReportReporter -->
<testsuite skipped="0" hostname="REACH-HARDs-MBP" name="company.EditJob" tests="1" failures="0" timestamp="2021-02-19T16:05:29 WAT" time="38.497" errors="0">
  <testcase name="testEditJob" time="38.497" classname="company.EditJob"/>
  <system-out/>
</testsuite> <!-- company.EditJob -->
