<?xml version="1.0" encoding="UTF-8"?>
<!-- Generated by org.testng.reporters.JUnitReportReporter -->
<testsuite skipped="0" hostname="REACH-HARDs-MBP" name="students.DeleteStudentProfilePicture" tests="1" failures="0" timestamp="2021-02-15T08:18:36 WAT" time="25.096" errors="0">
  <testcase name="testDeleteStudentProfilePicture" time="25.096" classname="students.DeleteStudentProfilePicture"/>
  <system-out/>
</testsuite> <!-- students.DeleteStudentProfilePicture -->
