<?xml version="1.0" encoding="UTF-8"?>
<!-- Generated by org.testng.reporters.JUnitReportReporter -->
<testsuite skipped="0" hostname="REACH-HARDs-MBP" name="university.ChangeUniversityLogo" tests="1" failures="0" timestamp="2021-02-16T07:53:51 WAT" time="31.848" errors="0">
  <testcase name="testChangeUniversityLogo" time="31.848" classname="university.ChangeUniversityLogo"/>
  <system-out/>
</testsuite> <!-- university.ChangeUniversityLogo -->
