<?xml version="1.0" encoding="UTF-8"?>
<!-- Generated by org.testng.reporters.JUnitReportReporter -->
<testsuite skipped="0" hostname="REACH-HARDs-MBP" name="company.EmpTalentHomePage" tests="1" failures="0" timestamp="2021-02-20T19:08:27 WAT" time="36.316" errors="0">
  <testcase name="testEmpTalentHomePage" time="36.316" classname="company.EmpTalentHomePage"/>
  <system-out/>
</testsuite> <!-- company.EmpTalentHomePage -->
