<?xml version="1.0" encoding="UTF-8"?>
<!-- Generated by org.testng.reporters.JUnitReportReporter -->
<testsuite skipped="0" hostname="REACH-HARDs-MBP" name="company.EmpSearchTalentByEverything" tests="1" failures="0" timestamp="2021-02-20T10:26:59 WAT" time="54.923" errors="0">
  <testcase name="testEmpSearchTalentByEverything" time="54.923" classname="company.EmpSearchTalentByEverything"/>
  <system-out/>
</testsuite> <!-- company.EmpSearchTalentByEverything -->
