<?xml version="1.0" encoding="UTF-8"?>
<!-- Generated by org.testng.reporters.JUnitReportReporter -->
<testsuite skipped="0" hostname="REACH-HARDs-MBP" name="company.EmpSearchTalentByUniqueID" tests="1" failures="0" timestamp="2021-02-20T10:35:05 WAT" time="55.358" errors="0">
  <testcase name="testEmpSearchTalentByUniqueID" time="55.358" classname="company.EmpSearchTalentByUniqueID"/>
  <system-out/>
</testsuite> <!-- company.EmpSearchTalentByUniqueID -->
