<?xml version="1.0" encoding="UTF-8"?>
<!-- Generated by org.testng.reporters.JUnitReportReporter -->
<testsuite skipped="0" hostname="REACH-HARDs-MBP" name="students.ChangeStudentProfilePicture" tests="1" failures="0" timestamp="2021-02-15T08:13:37 WAT" time="26.800" errors="0">
  <testcase name="testChangeStudentProfilePicture" time="26.800" classname="students.ChangeStudentProfilePicture"/>
  <system-out/>
</testsuite> <!-- students.ChangeStudentProfilePicture -->
