<?xml version="1.0" encoding="UTF-8"?>
<!-- Generated by org.testng.reporters.JUnitReportReporter -->
<testsuite skipped="0" hostname="REACH-HARDs-MBP" name="students.SearchEvent" tests="1" failures="0" timestamp="2021-02-23T11:20:01 WAT" time="64.599" errors="0">
  <testcase name="testStudentSearchEvent" time="64.599" classname="students.SearchEvent"/>
  <system-out/>
</testsuite> <!-- students.SearchEvent -->
