<?xml version="1.0" encoding="UTF-8"?>
<!-- Generated by org.testng.reporters.JUnitReportReporter -->
<testsuite skipped="0" hostname="REACH-HARDs-MBP" name="university.ViewEventDetails" tests="1" failures="0" timestamp="2021-02-17T09:33:26 WAT" time="36.467" errors="0">
  <testcase name="testViewEventDetails" time="36.467" classname="university.ViewEventDetails"/>
  <system-out/>
</testsuite> <!-- university.ViewEventDetails -->
