<?xml version="1.0" encoding="UTF-8"?>
<!-- Generated by org.testng.reporters.JUnitReportReporter -->
<testsuite skipped="0" hostname="REACH-HARDs-MBP" name="university.UniStudentsHomepage" tests="1" failures="0" timestamp="2021-02-16T09:19:01 WAT" time="40.350" errors="0">
  <testcase name="testLoginElements" time="40.350" classname="university.UniStudentsHomepage"/>
  <system-out/>
</testsuite> <!-- university.UniStudentsHomepage -->
