<?xml version="1.0" encoding="UTF-8"?>
<!-- Generated by org.testng.reporters.JUnitReportReporter -->
<testsuite skipped="0" hostname="REACH-HARDs-MBP" name="company.EmployerDashboard" tests="1" failures="0" timestamp="2021-02-19T16:23:23 WAT" time="25.451" errors="0">
  <testcase name="testEmployerDashboard" time="25.451" classname="company.EmployerDashboard"/>
  <system-out/>
</testsuite> <!-- company.EmployerDashboard -->
