<?xml version="1.0" encoding="UTF-8"?>
<!-- Generated by org.testng.reporters.JUnitReportReporter -->
<testsuite skipped="0" hostname="REACH-HARDs-MBP" name="company.EditEmployerPhotos" tests="1" failures="0" timestamp="2021-02-19T15:43:22 WAT" time="34.981" errors="0">
  <testcase name="testEditEmployerPhotos" time="34.981" classname="company.EditEmployerPhotos"/>
  <system-out/>
</testsuite> <!-- company.EditEmployerPhotos -->
