<?xml version="1.0" encoding="UTF-8"?>
<!-- Generated by org.testng.reporters.JUnitReportReporter -->
<testsuite skipped="0" hostname="REACH-HARDs-MBP" name="students.DeleteStudentProfilePicture" tests="1" failures="0" timestamp="2021-03-05T21:38:16 WAT" time="31.352" errors="0">
  <testcase name="testDeleteStudentProfilePicture" time="31.352" classname="students.DeleteStudentProfilePicture"/>
  <system-out/>
</testsuite> <!-- students.DeleteStudentProfilePicture -->
