<?xml version="1.0" encoding="UTF-8"?>
<!-- Generated by org.testng.reporters.JUnitReportReporter -->
<testsuite skipped="0" hostname="REACH-HARDs-MacBook-Pro.local" name="company.EmpJobsMenuDropDown" tests="1" failures="0" timestamp="2021-03-04T14:03:48 WAT" time="67.812" errors="0">
  <testcase name="testEmpJobsMenuDropDown" time="67.812" classname="company.EmpJobsMenuDropDown"/>
  <system-out/>
</testsuite> <!-- company.EmpJobsMenuDropDown -->
