<?xml version="1.0" encoding="UTF-8"?>
<!-- Generated by org.testng.reporters.JUnitReportReporter -->
<testsuite skipped="0" hostname="REACH-HARDs-MacBook-Pro.local" name="students.StudentsJobsHomepage" tests="1" failures="0" timestamp="2021-02-15T10:42:11 WAT" time="93.515" errors="0">
  <testcase name="testStudentsJobsHomepage" time="93.515" classname="students.StudentsJobsHomepage"/>
  <system-out/>
</testsuite> <!-- students.StudentsJobsHomepage -->
