<?xml version="1.0" encoding="UTF-8"?>
<!-- Generated by org.testng.reporters.JUnitReportReporter -->
<testsuite skipped="0" hostname="REACH-HARDs-MacBook-Pro.local" name="company.AddEmployerLocation" tests="1" failures="0" timestamp="2021-03-15T15:56:35 WAT" time="290.073" errors="0">
  <testcase name="testAddEmployerLocation" time="290.073" classname="company.AddEmployerLocation"/>
  <system-out/>
</testsuite> <!-- company.AddEmployerLocation -->
