<?xml version="1.0" encoding="UTF-8"?>
<!-- Generated by org.testng.reporters.JUnitReportReporter -->
<testsuite skipped="0" hostname="REACH-HARDs-MBP" name="company.EmpSearchTalentByName" tests="1" failures="0" timestamp="2021-02-20T10:30:43 WAT" time="54.657" errors="0">
  <testcase name="testEmpSearchTalentByName" time="54.657" classname="company.EmpSearchTalentByName"/>
  <system-out/>
</testsuite> <!-- company.EmpSearchTalentByName -->
