<?xml version="1.0" encoding="UTF-8"?>
<!-- Generated by org.testng.reporters.JUnitReportReporter -->
<testsuite skipped="0" hostname="REACH-HARDs-MacBook-Pro.local" name="company.DeleteEmployerLocation" tests="1" failures="0" timestamp="2021-03-01T11:45:20 WAT" time="81.557" errors="0">
  <testcase name="testDeleteEmployerLocation" time="81.557" classname="company.DeleteEmployerLocation"/>
  <system-out/>
</testsuite> <!-- company.DeleteEmployerLocation -->
