<?xml version="1.0" encoding="UTF-8"?>
<!-- Generated by org.testng.reporters.JUnitReportReporter -->
<testsuite skipped="0" hostname="REACH-HARDs-MBP" name="university.UniversityDashboardMenuDropdown" tests="1" failures="0" timestamp="2021-02-16T10:27:57 WAT" time="29.839" errors="0">
  <testcase name="testUniversityDashboardMenuDropdown" time="29.839" classname="university.UniversityDashboardMenuDropdown"/>
  <system-out/>
</testsuite> <!-- university.UniversityDashboardMenuDropdown -->
