<?xml version="1.0" encoding="UTF-8"?>
<!-- Generated by org.testng.reporters.JUnitReportReporter -->
<testsuite skipped="0" hostname="REACH-HARDs-MBP" name="university.SearchEvent" tests="1" failures="0" timestamp="2021-02-17T12:12:40 WAT" time="38.346" errors="0">
  <testcase name="testSearchEvent" time="38.346" classname="university.SearchEvent"/>
  <system-out/>
</testsuite> <!-- university.SearchEvent -->
