<?xml version="1.0" encoding="UTF-8"?>
<!-- Generated by org.testng.reporters.JUnitReportReporter -->
<testsuite skipped="0" hostname="REACH-HARDs-MBP" name="university.SearchEvent" tests="1" failures="0" timestamp="2021-02-23T11:17:35 WAT" time="63.327" errors="0">
  <testcase name="testSearchEvent" time="63.327" classname="university.SearchEvent"/>
  <system-out/>
</testsuite> <!-- university.SearchEvent -->
