<?xml version="1.0" encoding="UTF-8"?>
<!-- Generated by org.testng.reporters.JUnitReportReporter -->
<testsuite skipped="0" hostname="REACH-HARDs-MBP" name="company.EmpSearchCandidateByName" tests="1" failures="0" timestamp="2021-02-20T09:24:50 WAT" time="57.857" errors="0">
  <testcase name="testEmpSearchCandidateByName" time="57.857" classname="company.EmpSearchCandidateByName"/>
  <system-out/>
</testsuite> <!-- company.EmpSearchCandidateByName -->
