<?xml version="1.0" encoding="UTF-8"?>
<!-- Generated by org.testng.reporters.JUnitReportReporter -->
<testsuite skipped="0" hostname="REACH-HARDs-MacBook-Pro.local" name="company.ChangeEmployerLogo" tests="1" failures="0" timestamp="2021-03-15T16:04:05 WAT" time="151.519" errors="0">
  <testcase name="testChangeEmployerLogo" time="151.519" classname="company.ChangeEmployerLogo"/>
  <system-out/>
</testsuite> <!-- company.ChangeEmployerLogo -->
