<?xml version="1.0" encoding="UTF-8"?>
<!-- Generated by org.testng.reporters.JUnitReportReporter -->
<testsuite skipped="0" hostname="REACH-HARDs-MBP" name="university.UniversityProfileMenuDropdown" tests="1" failures="0" timestamp="2021-02-16T12:45:28 WAT" time="23.210" errors="0">
  <testcase name="testUniversityProfileMenuDropdown" time="23.210" classname="university.UniversityProfileMenuDropdown"/>
  <system-out/>
</testsuite> <!-- university.UniversityProfileMenuDropdown -->
