<?xml version="1.0" encoding="UTF-8"?>
<!-- Generated by org.testng.reporters.JUnitReportReporter -->
<testsuite skipped="0" hostname="REACH-HARDs-MBP" name="company.EmpUploadEmployerPhotos" tests="1" failures="0" timestamp="2021-02-20T20:59:15 WAT" time="38.734" errors="0">
  <testcase name="testEmpUploadEmployerPhotos" time="38.734" classname="company.EmpUploadEmployerPhotos"/>
  <system-out/>
</testsuite> <!-- company.EmpUploadEmployerPhotos -->
