<?xml version="1.0" encoding="UTF-8"?>
<!-- Generated by org.testng.reporters.JUnitReportReporter -->
<testsuite skipped="0" hostname="REACH-HARDs-MacBook-Pro.local" name="students.StudentViewJobApplicationDetails" tests="1" failures="0" timestamp="2021-02-15T11:19:21 WAT" time="50.368" errors="0">
  <testcase name="testStudentViewJobApplicationDetails" time="50.368" classname="students.StudentViewJobApplicationDetails"/>
  <system-out/>
</testsuite> <!-- students.StudentViewJobApplicationDetails -->
