<?xml version="1.0" encoding="UTF-8"?>
<!-- Generated by org.testng.reporters.JUnitReportReporter -->
<testsuite skipped="0" hostname="REACH-HARDs-MBP" name="university.UniSearchStudentByID" tests="1" failures="0" timestamp="2021-02-16T08:44:18 WAT" time="36.748" errors="0">
  <testcase name="testLoginElements" time="36.748" classname="university.UniSearchStudentByID"/>
  <system-out/>
</testsuite> <!-- university.UniSearchStudentByID -->
