<?xml version="1.0" encoding="UTF-8"?>
<!-- Generated by org.testng.reporters.JUnitReportReporter -->
<testsuite skipped="0" hostname="REACH-HARDs-MacBook-Pro.local" name="students.StudentsEmptyJobDashboard" tests="1" failures="0" timestamp="2021-02-15T09:56:17 WAT" time="50.711" errors="0">
  <testcase name="testStudentsEmptyJobDashboard" time="50.711" classname="students.StudentsEmptyJobDashboard"/>
  <system-out/>
</testsuite> <!-- students.StudentsEmptyJobDashboard -->
