<?xml version="1.0" encoding="UTF-8"?>
<!-- Generated by org.testng.reporters.JUnitReportReporter -->
<testsuite skipped="0" hostname="REACH-HARDs-MacBook-Pro.local" name="students.StudentsJobSearchByCity" tests="1" failures="0" timestamp="2021-02-15T10:32:42 WAT" time="43.800" errors="0">
  <testcase name="testStudentsJobSearchByCity" time="43.800" classname="students.StudentsJobSearchByCity"/>
  <system-out/>
</testsuite> <!-- students.StudentsJobSearchByCity -->
