<?xml version="1.0" encoding="UTF-8"?>
<!-- Generated by org.testng.reporters.JUnitReportReporter -->
<testsuite skipped="0" hostname="REACH-HARDs-MBP" name="company.EmpTalentMenuDropDown" tests="1" failures="0" timestamp="2021-02-20T19:16:00 WAT" time="31.471" errors="0">
  <testcase name="testEmpTalentMenuDropDown" time="31.471" classname="company.EmpTalentMenuDropDown"/>
  <system-out/>
</testsuite> <!-- company.EmpTalentMenuDropDown -->
