<?xml version="1.0" encoding="UTF-8"?>
<!-- Generated by org.testng.reporters.JUnitReportReporter -->
<testsuite skipped="0" hostname="REACH-HARDs-MBP" name="company.EditEmployerLocation" tests="1" failures="0" timestamp="2021-02-18T14:51:53 WAT" time="32.471" errors="0">
  <testcase name="testAddEmployerLocation" time="32.471" classname="company.EditEmployerLocation"/>
  <system-out/>
</testsuite> <!-- company.EditEmployerLocation -->
