<?xml version="1.0" encoding="UTF-8"?>
<!-- Generated by org.testng.reporters.JUnitReportReporter -->
<testsuite skipped="0" hostname="REACH-HARDs-MBP" name="university.UniversiyProfilePAge" tests="1" failures="0" timestamp="2021-02-16T13:03:41 WAT" time="31.467" errors="0">
  <testcase name="testUniversiyProfilePAge" time="31.467" classname="university.UniversiyProfilePAge"/>
  <system-out/>
</testsuite> <!-- university.UniversiyProfilePAge -->
