<?xml version="1.0" encoding="UTF-8"?>
<!-- Generated by org.testng.reporters.JUnitReportReporter -->
<testsuite skipped="0" hostname="REACH-HARDs-MBP" name="company.EmpProfileDropdownMenu" tests="1" failures="0" timestamp="2021-02-19T16:27:17 WAT" time="24.831" errors="0">
  <testcase name="testEmpProfileDropdownMenu" time="24.831" classname="company.EmpProfileDropdownMenu"/>
  <system-out/>
</testsuite> <!-- company.EmpProfileDropdownMenu -->
