<?xml version="1.0" encoding="UTF-8"?>
<!-- Generated by org.testng.reporters.JUnitReportReporter -->
<testsuite skipped="0" hostname="REACH-HARDs-MBP" name="university.UniversityStudentsMenuDropdown" tests="1" failures="0" timestamp="2021-02-16T12:50:38 WAT" time="27.357" errors="0">
  <testcase name="testUniversityStudentsMenuDropdown" time="27.357" classname="university.UniversityStudentsMenuDropdown"/>
  <system-out/>
</testsuite> <!-- university.UniversityStudentsMenuDropdown -->
