<?xml version="1.0" encoding="UTF-8"?>
<!-- Generated by org.testng.reporters.JUnitReportReporter -->
<testsuite skipped="0" hostname="REACH-HARDs-MBP" name="company.EmpJobsMenuDropDown" tests="1" failures="0" timestamp="2021-02-19T16:13:03 WAT" time="49.937" errors="0">
  <testcase name="testEmpJobsMenuDropDown" time="49.937" classname="company.EmpJobsMenuDropDown"/>
  <system-out/>
</testsuite> <!-- company.EmpJobsMenuDropDown -->
