<?xml version="1.0" encoding="UTF-8"?>
<!-- Generated by org.testng.reporters.JUnitReportReporter -->
<testsuite skipped="0" hostname="REACH-HARDs-MBP" name="company.EmpShortlistPosition" tests="1" failures="0" timestamp="2021-02-20T18:59:29 WAT" time="41.368" errors="0">
  <testcase name="testEmpShortlistPosition" time="41.368" classname="company.EmpShortlistPosition"/>
  <system-out/>
</testsuite> <!-- company.EmpShortlistPosition -->
