<?xml version="1.0" encoding="UTF-8"?>
<!-- Generated by org.testng.reporters.JUnitReportReporter -->
<testsuite skipped="0" hostname="REACH-HARDs-MacBook-Pro.local" name="students.TermsandServicePage" tests="1" failures="0" timestamp="2021-02-15T11:29:11 WAT" time="143.491" errors="0">
  <testcase name="testTermsandServicePage" time="143.491" classname="students.TermsandServicePage"/>
  <system-out/>
</testsuite> <!-- students.TermsandServicePage -->
