<?xml version="1.0" encoding="UTF-8"?>
<!-- Generated by org.testng.reporters.JUnitReportReporter -->
<testsuite skipped="0" hostname="REACH-HARDs-MBP" name="company.CloseJob" tests="1" failures="0" timestamp="2021-02-19T14:54:44 WAT" time="44.792" errors="0">
  <testcase name="testCloseJob" time="44.792" classname="company.CloseJob"/>
  <system-out/>
</testsuite> <!-- company.CloseJob -->
