<?xml version="1.0" encoding="UTF-8"?>
<!-- Generated by org.testng.reporters.JUnitReportReporter -->
<testsuite skipped="0" hostname="REACH-HARDs-MBP" name="students.SearchEvent" tests="1" failures="0" timestamp="2021-02-21T07:49:43 WAT" time="34.379" errors="0">
  <testcase name="testStudentSearchEvent" time="34.379" classname="students.SearchEvent"/>
  <system-out/>
</testsuite> <!-- students.SearchEvent -->
