<?xml version="1.0" encoding="UTF-8"?>
<!-- Generated by org.testng.reporters.JUnitReportReporter -->
<testsuite skipped="0" hostname="REACH-HARDs-MBP" name="university.UniversityAboutPage" tests="1" failures="0" timestamp="2021-02-16T09:21:35 WAT" time="19.997" errors="0">
  <testcase name="testUniversityAboutPage" time="19.997" classname="university.UniversityAboutPage"/>
  <system-out/>
</testsuite> <!-- university.UniversityAboutPage -->
