<?xml version="1.0" encoding="UTF-8"?>
<!-- Generated by org.testng.reporters.JUnitReportReporter -->
<testsuite skipped="0" hostname="REACH-HARDs-MBP" name="company.AddNewJob" tests="1" failures="0" timestamp="2021-02-19T07:46:37 WAT" time="78.960" errors="0">
  <testcase name="testAddNewJob" time="78.960" classname="company.AddNewJob"/>
  <system-out/>
</testsuite> <!-- company.AddNewJob -->
