<?xml version="1.0" encoding="UTF-8"?>
<!-- Generated by org.testng.reporters.JUnitReportReporter -->
<testsuite skipped="0" hostname="REACH-HARDs-MacBook-Pro.local" name="university.UniversityProfileMenuDropdown" tests="1" failures="0" timestamp="2021-03-04T14:05:46 WAT" time="27.200" errors="0">
  <testcase name="testUniversityProfileMenuDropdown" time="27.200" classname="university.UniversityProfileMenuDropdown"/>
  <system-out/>
</testsuite> <!-- university.UniversityProfileMenuDropdown -->
