<?xml version="1.0" encoding="UTF-8"?>
<!-- Generated by org.testng.reporters.JUnitReportReporter -->
<testsuite skipped="0" hostname="REACH-HARDs-MBP" name="students.StudentsApplicationsPage" tests="1" failures="0" timestamp="2021-02-15T08:35:52 WAT" time="21.564" errors="0">
  <testcase name="testStudentsApplicationsPage" time="21.564" classname="students.StudentsApplicationsPage"/>
  <system-out/>
</testsuite> <!-- students.StudentsApplicationsPage -->
