<?xml version="1.0" encoding="UTF-8"?>
<!-- Generated by org.testng.reporters.JUnitReportReporter -->
<testsuite skipped="0" hostname="REACH-HARDs-MBP" name="company.EmpSearchCandidateByUniqueID" tests="1" failures="0" timestamp="2021-02-20T09:41:45 WAT" time="50.635" errors="0">
  <testcase name="testEmpSearchCandidateByUniqueID" time="50.635" classname="company.EmpSearchCandidateByUniqueID"/>
  <system-out/>
</testsuite> <!-- company.EmpSearchCandidateByUniqueID -->
