<?xml version="1.0" encoding="UTF-8"?>
<!-- Generated by org.testng.reporters.JUnitReportReporter -->
<testsuite skipped="0" hostname="REACH-HARDs-MBP" name="company.EmpSearchShortlistedByName" tests="1" failures="0" timestamp="2021-02-20T10:20:13 WAT" time="53.142" errors="0">
  <testcase name="testEmpSearchShortlistedByName" time="53.142" classname="company.EmpSearchShortlistedByName"/>
  <system-out/>
</testsuite> <!-- company.EmpSearchShortlistedByName -->
