<?xml version="1.0" encoding="UTF-8"?>
<!-- Generated by org.testng.reporters.JUnitReportReporter -->
<testsuite skipped="0" hostname="REACH-HARDs-MBP" name="company.SearchOpenJobs" tests="1" failures="0" timestamp="2021-02-21T07:33:15 WAT" time="31.637" errors="0">
  <testcase name="testSearchOpenJobs" time="31.637" classname="company.SearchOpenJobs"/>
  <system-out/>
</testsuite> <!-- company.SearchOpenJobs -->
