<?xml version="1.0" encoding="UTF-8"?>
<!-- Generated by org.testng.reporters.JUnitReportReporter -->
<testsuite skipped="0" hostname="REACH-HARDs-MacBook-Pro.local" name="company.EmpSearchCandidateByUniqueID" tests="1" failures="0" timestamp="2021-02-24T14:36:38 WAT" time="43.084" errors="0">
  <testcase name="testEmpSearchCandidateByUniqueID" time="43.084" classname="company.EmpSearchCandidateByUniqueID"/>
  <system-out/>
</testsuite> <!-- company.EmpSearchCandidateByUniqueID -->
