<?xml version="1.0" encoding="UTF-8"?>
<!-- Generated by org.testng.reporters.JUnitReportReporter -->
<testsuite skipped="0" hostname="REACH-HARDs-MacBook-Pro.local" name="students.StudentsInvalidJobSearch" tests="1" failures="0" timestamp="2021-02-15T10:19:43 WAT" time="59.685" errors="0">
  <testcase name="testStudentsInvalidJobSearch" time="59.685" classname="students.StudentsInvalidJobSearch"/>
  <system-out/>
</testsuite> <!-- students.StudentsInvalidJobSearch -->
