<?xml version="1.0" encoding="UTF-8"?>
<!-- Generated by org.testng.reporters.JUnitReportReporter -->
<testsuite skipped="0" hostname="REACH-HARDs-MBP" name="university.UniSearchStudentByEverything" tests="1" failures="0" timestamp="2021-02-16T08:40:45 WAT" time="61.019" errors="0">
  <testcase name="testUniSearchStudentByEverything" time="61.019" classname="university.UniSearchStudentByEverything"/>
  <system-out/>
</testsuite> <!-- university.UniSearchStudentByEverything -->
