<?xml version="1.0" encoding="UTF-8"?>
<!-- Generated by org.testng.reporters.JUnitReportReporter -->
<testsuite skipped="0" hostname="REACH-HARDs-MBP" name="company.EmpUpdateAboutUsProfile" tests="1" failures="0" timestamp="2021-02-20T19:43:26 WAT" time="31.979" errors="0">
  <testcase name="testEmpUpdateAboutUsProfile" time="31.979" classname="company.EmpUpdateAboutUsProfile"/>
  <system-out/>
</testsuite> <!-- company.EmpUpdateAboutUsProfile -->
