<?xml version="1.0" encoding="UTF-8"?>
<!-- Generated by org.testng.reporters.JUnitReportReporter -->
<testsuite skipped="0" hostname="REACH-HARDs-MBP" name="company.EmpSearchClosedJobs" tests="1" failures="0" timestamp="2021-02-20T10:03:38 WAT" time="68.777" errors="0">
  <testcase name="testEmployerUtility" time="68.777" classname="company.EmpSearchClosedJobs"/>
  <system-out/>
</testsuite> <!-- company.EmpSearchClosedJobs -->
