<?xml version="1.0" encoding="UTF-8"?>
<!-- Generated by org.testng.reporters.JUnitReportReporter -->
<testsuite skipped="0" hostname="REACH-HARDs-MBP" name="company.JobsHomepage" tests="1" failures="0" timestamp="2021-02-20T21:15:46 WAT" time="33.207" errors="0">
  <testcase name="testJobsHomepage" time="33.207" classname="company.JobsHomepage"/>
  <system-out/>
</testsuite> <!-- company.JobsHomepage -->
