<?xml version="1.0" encoding="UTF-8"?>
<!-- Generated by org.testng.reporters.JUnitReportReporter -->
<testsuite skipped="0" hostname="REACH-HARDs-MacBook-Pro.local" name="students.StudentsApplyJobNoCV" tests="1" failures="0" timestamp="2021-02-15T09:44:51 WAT" time="44.834" errors="0">
  <testcase name="testStudentsApplyJobNoCV" time="44.834" classname="students.StudentsApplyJobNoCV"/>
  <system-out/>
</testsuite> <!-- students.StudentsApplyJobNoCV -->
