<?xml version="1.0" encoding="UTF-8"?>
<!-- Generated by org.testng.reporters.JUnitReportReporter -->
<testsuite skipped="0" hostname="REACH-HARDs-MacBook-Pro.local" name="university.OngoingEventsDetails" tests="1" failures="0" timestamp="2021-02-22T07:35:04 WAT" time="69.059" errors="0">
  <testcase name="testSearchEvent" time="69.059" classname="university.OngoingEventsDetails"/>
  <system-out/>
</testsuite> <!-- university.OngoingEventsDetails -->
