<?xml version="1.0" encoding="UTF-8"?>
<!-- Generated by org.testng.reporters.JUnitReportReporter -->
<testsuite skipped="0" hostname="REACH-HARDs-MBP" name="company.EmpSearchShortlistedByEverything" tests="1" failures="0" timestamp="2021-02-20T10:14:18 WAT" time="43.632" errors="0">
  <testcase name="testEmpSearchShortlistedByEverything" time="43.632" classname="company.EmpSearchShortlistedByEverything"/>
  <system-out/>
</testsuite> <!-- company.EmpSearchShortlistedByEverything -->
