<?xml version="1.0" encoding="UTF-8"?>
<!-- Generated by org.testng.reporters.JUnitReportReporter -->
<testsuite skipped="0" hostname="REACH-HARDs-MacBook-Pro.local" name="students.StudentsLogout" tests="1" failures="0" timestamp="2021-02-15T10:50:52 WAT" time="39.485" errors="0">
  <testcase name="testLoginElements" time="39.485" classname="students.StudentsLogout"/>
  <system-out/>
</testsuite> <!-- students.StudentsLogout -->
