<?xml version="1.0" encoding="UTF-8"?>
<!-- Generated by org.testng.reporters.JUnitReportReporter -->
<testsuite skipped="0" hostname="REACH-HARDs-MBP" name="students.ChangeStudentProfilePicture" tests="1" failures="0" timestamp="2021-03-05T21:36:16 WAT" time="32.373" errors="0">
  <testcase name="testChangeStudentProfilePicture" time="32.373" classname="students.ChangeStudentProfilePicture"/>
  <system-out/>
</testsuite> <!-- students.ChangeStudentProfilePicture -->
