<?xml version="1.0" encoding="UTF-8"?>
<!-- Generated by org.testng.reporters.JUnitReportReporter -->
<testsuite skipped="0" hostname="REACH-HARDs-MBP" name="company.EmployerDashboardMenuDropDown" tests="1" failures="0" timestamp="2021-02-19T16:19:25 WAT" time="25.918" errors="0">
  <testcase name="testEmployerDashboardMenuDropDown" time="25.918" classname="company.EmployerDashboardMenuDropDown"/>
  <system-out/>
</testsuite> <!-- company.EmployerDashboardMenuDropDown -->
