<?xml version="1.0" encoding="UTF-8"?>
<!-- Generated by org.testng.reporters.JUnitReportReporter -->
<testsuite skipped="0" hostname="REACH-HARDs-MBP" name="students.StudentAboutPage" tests="1" failures="0" timestamp="2021-02-15T08:26:29 WAT" time="18.146" errors="0">
  <testcase name="testLoginElements" time="18.146" classname="students.StudentAboutPage"/>
  <system-out/>
</testsuite> <!-- students.StudentAboutPage -->
