<?xml version="1.0" encoding="UTF-8"?>
<!-- Generated by org.testng.reporters.JUnitReportReporter -->
<testsuite skipped="0" hostname="REACH-HARDs-MBP" name="university.UniSearchStudentByName" tests="1" failures="0" timestamp="2021-02-16T08:56:10 WAT" time="65.723" errors="0">
  <testcase name="testUniSearchStudentByName" time="65.723" classname="university.UniSearchStudentByName"/>
  <system-out/>
</testsuite> <!-- university.UniSearchStudentByName -->
