<?xml version="1.0" encoding="UTF-8"?>
<!-- Generated by org.testng.reporters.JUnitReportReporter -->
<testsuite skipped="0" hostname="REACH-HARDs-MBP" name="company.EmpUpdateSocialMediaProfile" tests="1" failures="0" timestamp="2021-02-20T20:01:43 WAT" time="49.941" errors="0">
  <testcase name="testEmpUpdateSocialMediaProfile" time="49.941" classname="company.EmpUpdateSocialMediaProfile"/>
  <system-out/>
</testsuite> <!-- company.EmpUpdateSocialMediaProfile -->
