<?xml version="1.0" encoding="UTF-8"?>
<!-- Generated by org.testng.reporters.JUnitReportReporter -->
<testsuite skipped="0" hostname="REACH-HARDs-MacBook-Pro.local" name="company.ChangeEmployerLogo" tests="1" failures="0" timestamp="2021-02-19T13:53:31 WAT" time="42.640" errors="0">
  <testcase name="testChangeEmployerLogo" time="42.640" classname="company.ChangeEmployerLogo"/>
  <system-out/>
</testsuite> <!-- company.ChangeEmployerLogo -->
