<?xml version="1.0" encoding="UTF-8"?>
<!-- Generated by org.testng.reporters.JUnitReportReporter -->
<testsuite skipped="0" hostname="REACH-HARDs-MacBook-Pro.local" name="university.EditEvent" tests="1" failures="0" timestamp="2021-02-17T16:47:13 WAT" time="122.636" errors="0">
  <testcase name="testEditEvent" time="122.636" classname="university.EditEvent"/>
  <system-out/>
</testsuite> <!-- university.EditEvent -->
